2021-05-10 19:27:15,886 - MainProcess[MainThread]- BrowserManager       - INFO    : BROWSER 1: Launching browser...
2021-05-10 19:27:15,890 - MainProcess[MainThread]- BrowserManager       - DEBUG   : BROWSER 1: Spawn attempt 0 
2021-05-10 19:27:15,913 - MainProcess[MainThread]- deploy_firefox       - DEBUG   : BROWSER 1: Loading initial browser profile from: ./crawler_profile/
2021-05-10 19:27:15,919 - MainProcess[MainThread]- profile_commands     - DEBUG   : BROWSER 1: Copying profile tar from ./crawler_profile/profile.tar.gz to /tmp/tmpq8uk4l6i/
2021-05-10 19:27:16,153 - MainProcess[MainThread]- profile_commands     - DEBUG   : BROWSER 1: Tarfile extracted
2021-05-10 19:27:16,154 - MainProcess[MainThread]- deploy_firefox       - DEBUG   : BROWSER 1: Saved extension config file to: /tmp/tmpq8uk4l6i/browser_params.json
2021-05-10 19:27:16,160 - MainProcess[MainThread]- deploy_firefox       - INFO    : BROWSER 1: Setting custom preference: xpinstall.signatures.required = False
2021-05-10 19:27:16,160 - MainProcess[MainThread]- deploy_firefox       - INFO    : BROWSER 1: Setting custom preference: privacy.resistFingerprinting = False
2021-05-10 19:27:16,161 - MainProcess[MainThread]- deploy_firefox       - INFO    : BROWSER 1: Setting custom preference: privacy.trackingprotection.pbmode.enabled = False
2021-05-10 19:27:16,161 - MainProcess[MainThread]- deploy_firefox       - INFO    : BROWSER 1: Setting custom preference: privacy.trackingprotection.enabled = False
2021-05-10 19:27:16,161 - MainProcess[MainThread]- deploy_firefox       - INFO    : BROWSER 1: Setting custom preference: network.cookie.maxNumber = 10000
2021-05-10 19:27:16,161 - MainProcess[MainThread]- deploy_firefox       - INFO    : BROWSER 1: Setting custom preference: network.cookie.maxPerHost = 10000
2021-05-10 19:27:16,161 - MainProcess[MainThread]- deploy_firefox       - INFO    : BROWSER 1: Setting custom preference: network.cookie.quotaPerHost = 10000
2021-05-10 19:27:16,162 - MainProcess[MainThread]- deploy_firefox       - INFO    : BROWSER 1: Setting custom preference: privacy.socialtracking.block_cookies.enabled = False
2021-05-10 19:27:16,162 - MainProcess[MainThread]- deploy_firefox       - INFO    : BROWSER 1: Setting custom preference: network.cookie.thirdparty.sessionOnly = False
2021-05-10 19:27:16,162 - MainProcess[MainThread]- deploy_firefox       - INFO    : BROWSER 1: Setting custom preference: network.cookie.sameSite.laxByDefault = True
2021-05-10 19:27:16,170 - MainProcess[log-interceptor-1]- selenium_firefox     - DEBUG   : BROWSER 1: driver: 1620667636169	geckodriver	INFO	Listening on 127.0.0.1:38859
2021-05-10 19:27:17,393 - MainProcess[log-interceptor-1]- selenium_firefox     - DEBUG   : BROWSER 1: driver: 1620667637393	mozrunner::runner	INFO	Running command: "/home/bdino/Documents/Git/cookieblock_repos/CookieBlock-Consent-Crawler/openwpm/firefox-bin/firefox-bin" "--marionette" "-foreground" "-no-remote" "-profile" "/tmp/rust_mozprofileA5pTtC"
2021-05-10 19:27:19,057 - MainProcess[log-interceptor-1]- selenium_firefox     - DEBUG   : BROWSER 1: driver: Sandbox: unsupported fd-relative fstatat(31, "", 0x7FFC1F555C10, 4096)
2021-05-10 19:27:19,058 - MainProcess[log-interceptor-1]- selenium_firefox     - DEBUG   : BROWSER 1: driver: Sandbox: seccomp sandbox violation: pid 98307, tid 98307, syscall 262, args 31 140455722677010 140720834173968 4096 4096 1.
2021-05-10 19:27:19,058 - MainProcess[log-interceptor-1]- selenium_firefox     - DEBUG   : BROWSER 1: driver: Sandbox: unsupported fd-relative fstatat(31, "", 0x7FFC1F555B10, 4096)
2021-05-10 19:27:19,058 - MainProcess[log-interceptor-1]- selenium_firefox     - DEBUG   : BROWSER 1: driver: Sandbox: seccomp sandbox violation: pid 98307, tid 98307, syscall 262, args 31 140455722677010 140720834173712 4096 4096 1.
2021-05-10 19:27:19,059 - MainProcess[log-interceptor-1]- selenium_firefox     - DEBUG   : BROWSER 1: driver: Sandbox: unsupported fd-relative fstatat(31, "", 0x7FFC1F555B70, 4096)
2021-05-10 19:27:19,060 - MainProcess[log-interceptor-1]- selenium_firefox     - DEBUG   : BROWSER 1: driver: Sandbox: seccomp sandbox violation: pid 98307, tid 98307, syscall 262, args 31 140455722677010 140720834173808 4096 4096 1.
2021-05-10 19:27:19,217 - MainProcess[log-interceptor-1]- selenium_firefox     - DEBUG   : BROWSER 1: driver: Sandbox: unsupported fd-relative fstatat(31, "", 0x7FFE470F9ED0, 4096)
2021-05-10 19:27:19,217 - MainProcess[log-interceptor-1]- selenium_firefox     - DEBUG   : BROWSER 1: driver: Sandbox: seccomp sandbox violation: pid 98367, tid 98367, syscall 262, args 31 139634561065746 140730090626768 4096 4096 1.
2021-05-10 19:27:19,217 - MainProcess[log-interceptor-1]- selenium_firefox     - DEBUG   : BROWSER 1: driver: Sandbox: unsupported fd-relative fstatat(31, "", 0x7FFE470F9DD0, 4096)
2021-05-10 19:27:19,218 - MainProcess[log-interceptor-1]- selenium_firefox     - DEBUG   : BROWSER 1: driver: Sandbox: seccomp sandbox violation: pid 98367, tid 98367, syscall 262, args 31 139634561065746 140730090626512 4096 4096 1.
2021-05-10 19:27:19,218 - MainProcess[log-interceptor-1]- selenium_firefox     - DEBUG   : BROWSER 1: driver: Sandbox: unsupported fd-relative fstatat(31, "", 0x7FFE470F9E30, 4096)
2021-05-10 19:27:19,219 - MainProcess[log-interceptor-1]- selenium_firefox     - DEBUG   : BROWSER 1: driver: Sandbox: seccomp sandbox violation: pid 98367, tid 98367, syscall 262, args 31 139634561065746 140730090626608 4096 4096 1.
2021-05-10 19:27:19,576 - MainProcess[log-interceptor-1]- selenium_firefox     - DEBUG   : BROWSER 1: driver: 1620667639576	Marionette	INFO	Listening on port 46057
2021-05-10 19:27:19,603 - MainProcess[log-interceptor-1]- selenium_firefox     - DEBUG   : BROWSER 1: driver: 1620667639603	Marionette	WARN	TLS certificate errors will be ignored for this session
2021-05-10 19:27:19,780 - MainProcess[log-interceptor-1]- selenium_firefox     - DEBUG   : BROWSER 1: driver: Sandbox: unsupported flags 2048 in fstatat(-100, "/home/bdino/.config/gtk-3.0/colors.css", 0x7FBE533FD930, 2304)
2021-05-10 19:27:19,780 - MainProcess[log-interceptor-1]- selenium_firefox     - DEBUG   : BROWSER 1: driver: Sandbox: seccomp sandbox violation: pid 98307, tid 98422, syscall 262, args 4294967196 140455428124528 140455417207088 2304 2304 1.
2021-05-10 19:27:19,914 - MainProcess[log-interceptor-1]- selenium_firefox     - DEBUG   : BROWSER 1: driver: Sandbox: unsupported flags 2048 in fstatat(-100, "/home/bdino/.config/gtk-3.0/colors.css", 0x7EFF222FD930, 2304)
2021-05-10 19:27:19,915 - MainProcess[log-interceptor-1]- selenium_firefox     - DEBUG   : BROWSER 1: driver: Sandbox: seccomp sandbox violation: pid 98367, tid 98434, syscall 262, args 4294967196 139634266240240 139634255321392 2304 2304 1.
2021-05-10 19:27:20,071 - MainProcess[MainThread]- deploy_firefox       - DEBUG   : BROWSER 1: OpenWPM Firefox extension loaded
2021-05-10 19:27:20,095 - MainProcess[Thread-1  ]- FirefoxExtension     - DEBUG   : Cookie instrumentation enabled
2021-05-10 19:27:20,097 - MainProcess[MainThread]- BrowserManager       - DEBUG   : BROWSER 1: Looking for extension port information in /tmp/rust_mozprofileA5pTtC/
2021-05-10 19:27:20,097 - MainProcess[log-interceptor-1]- selenium_firefox     - DEBUG   : BROWSER 1: driver: console.log: WebExtensions: Wrote to /tmp/rust_mozprofileA5pTtC/extension_port.txt
2021-05-10 19:27:20,098 - MainProcess[MainThread]- BrowserManager       - DEBUG   : BROWSER 1: Connecting to extension on port 32937
2021-05-10 19:27:20,099 - MainProcess[MainThread]- BrowserManager       - DEBUG   : BROWSER 1: BrowserManager ready.
2021-05-10 19:27:20,099 - MainProcess[MainThread]- BrowserManager       - DEBUG   : BROWSER 1: Browser spawn sucessful!
2021-05-10 19:27:20,185 - MainProcess[MainThread]- TaskManager          - INFO    : 

OpenWPM Version: b'0f664c5'
Firefox Version: b'80.0'

========== Manager Configuration ==========
{
  "aggregator_address": [
    "127.0.0.1",
    33065
  ],
  "data_directory": "./collected_data/",
  "database_name": "./collected_data/crawl_data_20210510_192715.sqlite",
  "failure_limit": 16384,
  "log_directory": "./logs/",
  "log_file": "./logs/crawl_20210510_192715.log",
  "logger_address": [
    "127.0.0.1",
    59199
  ],
  "num_browsers": 1,
  "output_format": "local",
  "s3_bucket": null,
  "s3_directory": null,
  "screenshot_path": "./collected_data/screenshots",
  "source_dump_path": "./collected_data/sources",
  "testing": false
}

========== Browser Configuration ==========
Keys:
{
  "browser_id": 0,
  "adblock-plus": 1,
  "bot_mitigation": 2,
  "browser": 3,
  "callstack_instrument": 4,
  "consentomatic": 5,
  "cookie_instrument": 6,
  "disconnect": 7,
  "display_mode": 8,
  "donottrack": 9,
  "extension_enabled": 10,
  "ghostery": 11,
  "http_instrument": 12,
  "https-everywhere": 13,
  "js_instrument": 14,
  "js_instrument_settings": 15,
  "navigation_instrument": 16,
  "prefs": 17,
  "random_attributes": 18,
  "save_content": 19,
  "tp_cookies": 20,
  "tracking-protection": 21,
  "ublock-origin": 22
}

  0  1      2     3        4      5     6     7      8       9      10    11     12     13     14     15                                                                                                                                                                                                                                                                                                                                                                                                                                                                                                                                                                                                                                                                                                                                                                                                                                                                                                                                                                                                                                                                                                                                                                                                                                                                                                                                                                                                                                                                                                                                                                                                                                                                                                                                                                                                                                                                                                                                                                                                                                                                                                                                                                                                                                                                                                                                                                                                                                                                                                                                                                                                                                                                                                                                                                                                                                                                                                                                                                                                                                                                                                                                                                                                                                                                                                                                                                                                                                                                                                                                                                                                                                                                                                                                                                                                                                                                                                                                                                                                                                                                                                                                                                                                                                                                                                                                                                                                                                                                                                                                                                                                                                                                                                                                                                                                                                                                                                                                                                                                                                                          16     17                                                                                                                                                                                                                                                                                                                                                                                                                                                  18     19     20      21     22
---  -----  ----  -------  -----  ----  ----  -----  ------  -----  ----  -----  -----  -----  -----  ----------------------------------------------------------------------------------------------------------------------------------------------------------------------------------------------------------------------------------------------------------------------------------------------------------------------------------------------------------------------------------------------------------------------------------------------------------------------------------------------------------------------------------------------------------------------------------------------------------------------------------------------------------------------------------------------------------------------------------------------------------------------------------------------------------------------------------------------------------------------------------------------------------------------------------------------------------------------------------------------------------------------------------------------------------------------------------------------------------------------------------------------------------------------------------------------------------------------------------------------------------------------------------------------------------------------------------------------------------------------------------------------------------------------------------------------------------------------------------------------------------------------------------------------------------------------------------------------------------------------------------------------------------------------------------------------------------------------------------------------------------------------------------------------------------------------------------------------------------------------------------------------------------------------------------------------------------------------------------------------------------------------------------------------------------------------------------------------------------------------------------------------------------------------------------------------------------------------------------------------------------------------------------------------------------------------------------------------------------------------------------------------------------------------------------------------------------------------------------------------------------------------------------------------------------------------------------------------------------------------------------------------------------------------------------------------------------------------------------------------------------------------------------------------------------------------------------------------------------------------------------------------------------------------------------------------------------------------------------------------------------------------------------------------------------------------------------------------------------------------------------------------------------------------------------------------------------------------------------------------------------------------------------------------------------------------------------------------------------------------------------------------------------------------------------------------------------------------------------------------------------------------------------------------------------------------------------------------------------------------------------------------------------------------------------------------------------------------------------------------------------------------------------------------------------------------------------------------------------------------------------------------------------------------------------------------------------------------------------------------------------------------------------------------------------------------------------------------------------------------------------------------------------------------------------------------------------------------------------------------------------------------------------------------------------------------------------------------------------------------------------------------------------------------------------------------------------------------------------------------------------------------------------------------------------------------------------------------------------------------------------------------------------------------------------------------------------------------------------------------------------------------------------------------------------------------------------------------------------------------------------------------------------------------------------------------------------------------------------------------------------------------------------------------------------  -----  --------------------------------------------------------------------------------------------------------------------------------------------------------------------------------------------------------------------------------------------------------------------------------------------------------------------------------------------------------------------------------------------------------------------------------------------------  -----  -----  ------  -----  -----
  1  False  True  firefox  False  True  True  False  native  False  True  False  False  False  False  [{"object": window['ScriptProcessorNode'].prototype, "instrumentedName": "ScriptProcessorNode", "logSettings": {"propertiesToInstrument": [], "nonExistingPropertiesToInstrument": [], "excludedProperties": [], "logCallStack": false, "logFunctionsAsStrings": false, "logFunctionGets": false, "preventSets": false, "recursive": false, "depth": 5}}, {"object": window['GainNode'].prototype, "instrumentedName": "GainNode", "logSettings": {"propertiesToInstrument": [], "nonExistingPropertiesToInstrument": [], "excludedProperties": [], "logCallStack": false, "logFunctionsAsStrings": false, "logFunctionGets": false, "preventSets": false, "recursive": false, "depth": 5}}, {"object": window['AnalyserNode'].prototype, "instrumentedName": "AnalyserNode", "logSettings": {"propertiesToInstrument": [], "nonExistingPropertiesToInstrument": [], "excludedProperties": [], "logCallStack": false, "logFunctionsAsStrings": false, "logFunctionGets": false, "preventSets": false, "recursive": false, "depth": 5}}, {"object": window['OscillatorNode'].prototype, "instrumentedName": "OscillatorNode", "logSettings": {"propertiesToInstrument": [], "nonExistingPropertiesToInstrument": [], "excludedProperties": [], "logCallStack": false, "logFunctionsAsStrings": false, "logFunctionGets": false, "preventSets": false, "recursive": false, "depth": 5}}, {"object": window['OfflineAudioContext'].prototype, "instrumentedName": "OfflineAudioContext", "logSettings": {"propertiesToInstrument": [], "nonExistingPropertiesToInstrument": [], "excludedProperties": [], "logCallStack": false, "logFunctionsAsStrings": false, "logFunctionGets": false, "preventSets": false, "recursive": false, "depth": 5}}, {"object": window['AudioContext'].prototype, "instrumentedName": "AudioContext", "logSettings": {"propertiesToInstrument": [], "nonExistingPropertiesToInstrument": [], "excludedProperties": [], "logCallStack": false, "logFunctionsAsStrings": false, "logFunctionGets": false, "preventSets": false, "recursive": false, "depth": 5}}, {"object": window['RTCPeerConnection'].prototype, "instrumentedName": "RTCPeerConnection", "logSettings": {"propertiesToInstrument": [], "nonExistingPropertiesToInstrument": [], "excludedProperties": [], "logCallStack": false, "logFunctionsAsStrings": false, "logFunctionGets": false, "preventSets": false, "recursive": false, "depth": 5}}, {"object": window['HTMLCanvasElement'].prototype, "instrumentedName": "HTMLCanvasElement", "logSettings": {"propertiesToInstrument": [], "nonExistingPropertiesToInstrument": [], "excludedProperties": [], "logCallStack": false, "logFunctionsAsStrings": false, "logFunctionGets": false, "preventSets": false, "recursive": false, "depth": 5}}, {"object": window['Storage'].prototype, "instrumentedName": "Storage", "logSettings": {"propertiesToInstrument": [], "nonExistingPropertiesToInstrument": [], "excludedProperties": [], "logCallStack": false, "logFunctionsAsStrings": false, "logFunctionGets": false, "preventSets": false, "recursive": false, "depth": 5}}, {"object": window.navigator, "instrumentedName": "window.navigator", "logSettings": {"propertiesToInstrument": [], "nonExistingPropertiesToInstrument": [], "excludedProperties": [], "logCallStack": false, "logFunctionsAsStrings": false, "logFunctionGets": false, "preventSets": false, "recursive": false, "depth": 5}}, {"object": window['CanvasRenderingContext2D'].prototype, "instrumentedName": "CanvasRenderingContext2D", "logSettings": {"propertiesToInstrument": [], "nonExistingPropertiesToInstrument": [], "excludedProperties": ["setTransform", "drawImage", "quadraticCurveTo", "canvas", "translate", "transform", "moveTo", "closePath", "lineTo", "clearRect", "beginPath", "globalAlpha"], "logCallStack": false, "logFunctionsAsStrings": false, "logFunctionGets": false, "preventSets": false, "recursive": false, "depth": 5}}, {"object": window, "instrumentedName": "window", "logSettings": {"propertiesToInstrument": ["localStorage", "sessionStorage", "name"], "nonExistingPropertiesToInstrument": [], "excludedProperties": [], "logCallStack": false, "logFunctionsAsStrings": false, "logFunctionGets": false, "preventSets": false, "recursive": false, "depth": 5}}, {"object": window.document, "instrumentedName": "window.document", "logSettings": {"propertiesToInstrument": ["cookie", "referrer"], "nonExistingPropertiesToInstrument": [], "excludedProperties": [], "logCallStack": true, "logFunctionsAsStrings": false, "logFunctionGets": false, "preventSets": false, "recursive": false, "depth": 5}}, {"object": window.screen, "instrumentedName": "window.screen", "logSettings": {"propertiesToInstrument": ["pixelDepth", "colorDepth"], "nonExistingPropertiesToInstrument": [], "excludedProperties": [], "logCallStack": false, "logFunctionsAsStrings": false, "logFunctionGets": false, "preventSets": false, "recursive": false, "depth": 5}}]  False  {'xpinstall.signatures.required': False, 'privacy.resistFingerprinting': False, 'privacy.trackingprotection.pbmode.enabled': False, 'privacy.trackingprotection.enabled': False, 'network.cookie.maxNumber': 10000, 'network.cookie.maxPerHost': 10000, 'network.cookie.quotaPerHost': 10000, 'privacy.socialtracking.block_cookies.enabled': False, 'network.cookie.thirdparty.sessionOnly': False, 'network.cookie.sameSite.laxByDefault': True}  False  False  always  False  False

========== Input profile tar files ==========
{
  "1": "./crawler_profile/"
}

========== Output (archive) profile dirs ==========
  No profile archive directories specified


2021-05-10 19:27:20,191 - MainProcess[log-interceptor-1]- selenium_firefox     - DEBUG   : BROWSER 1: driver: JavaScript error: resource://gre/modules/URIFixup.jsm, line 271: NS_ERROR_FAILURE: Should pass a non-null uri
2021-05-10 19:27:20,886 - MainProcess[MainThread]- BaseAggregator       - DEBUG   : Status update; current record queue size: 0. current number of threads: 5.
2021-05-10 19:27:20,887 - MainProcess[MainThread]- TaskManager          - DEBUG   : Checking command failure status indicator...
2021-05-10 19:27:20,888 - MainProcess[Thread-8  ]- TaskManager          - INFO    : Starting to work on CommandSequence with visit_id 1 on browser with id 1
2021-05-10 19:27:20,890 - MainProcess[MainThread]- BrowserManager       - INFO    : BROWSER 1: EXECUTING COMMAND: IntitializeCommand()
2021-05-10 19:27:20,892 - MainProcess[MainThread]- BrowserManager       - INFO    : BROWSER 1: EXECUTING COMMAND: GenericCMPScrapeCommand(https://www.purplemath.com,10,1.0,True,10.0)
2021-05-10 19:27:20,916 - MainProcess[Thread-1  ]- FirefoxExtension     - DEBUG   : Setting visit_id the legacy way
2021-05-10 19:27:21,187 - MainProcess[log-interceptor-1]- selenium_firefox     - DEBUG   : BROWSER 1: driver: JavaScript error: https://www.purplemath.com/, line 53: SyntaxError: missing } after property list
2021-05-10 19:27:21,187 - MainProcess[log-interceptor-1]- selenium_firefox     - DEBUG   : BROWSER 1: driver: JavaScript note: https://www.purplemath.com/, line 53: { opened at line 53, column 43
2021-05-10 19:27:21,454 - MainProcess[log-interceptor-1]- selenium_firefox     - DEBUG   : BROWSER 1: driver: extension-storage: migration complete
2021-05-10 19:27:23,165 - MainProcess[log-interceptor-1]- selenium_firefox     - DEBUG   : BROWSER 1: driver: 1620667643164	Marionette	WARN	TimedPromise timed out after 0 ms: stacktrace:
2021-05-10 19:27:23,166 - MainProcess[log-interceptor-1]- selenium_firefox     - DEBUG   : BROWSER 1: driver: TimedPromise/<@chrome://marionette/content/sync.js:245:13
2021-05-10 19:27:23,166 - MainProcess[log-interceptor-1]- selenium_firefox     - DEBUG   : BROWSER 1: driver: TimedPromise@chrome://marionette/content/sync.js:230:10
2021-05-10 19:27:23,167 - MainProcess[log-interceptor-1]- selenium_firefox     - DEBUG   : BROWSER 1: driver: Sleep@chrome://marionette/content/sync.js:283:10
2021-05-10 19:27:23,168 - MainProcess[log-interceptor-1]- selenium_firefox     - DEBUG   : BROWSER 1: driver: dispatchPause@chrome://marionette/content/action.js:1482:10
2021-05-10 19:27:23,168 - MainProcess[log-interceptor-1]- selenium_firefox     - DEBUG   : BROWSER 1: driver: toEvents/<@chrome://marionette/content/action.js:1156:16
2021-05-10 19:27:23,169 - MainProcess[log-interceptor-1]- selenium_firefox     - DEBUG   : BROWSER 1: driver: action.dispatchTickActions@chrome://marionette/content/action.js:1060:35
2021-05-10 19:27:23,169 - MainProcess[log-interceptor-1]- selenium_firefox     - DEBUG   : BROWSER 1: driver: action.dispatch/chainEvents<@chrome://marionette/content/action.js:1028:20
2021-05-10 19:27:23,170 - MainProcess[log-interceptor-1]- selenium_firefox     - DEBUG   : BROWSER 1: driver: action.dispatch@chrome://marionette/content/action.js:1034:5
2021-05-10 19:27:23,170 - MainProcess[log-interceptor-1]- selenium_firefox     - DEBUG   : BROWSER 1: driver: performActions@chrome://marionette/content/listener.js:856:16
2021-05-10 19:27:23,171 - MainProcess[log-interceptor-1]- selenium_firefox     - DEBUG   : BROWSER 1: driver: dispatch/</req<@chrome://marionette/content/listener.js:529:14
2021-05-10 19:27:23,171 - MainProcess[log-interceptor-1]- selenium_firefox     - DEBUG   : BROWSER 1: driver: dispatch/<@chrome://marionette/content/listener.js:522:15
2021-05-10 19:27:23,181 - MainProcess[log-interceptor-1]- selenium_firefox     - DEBUG   : BROWSER 1: driver: 1620667643181	Marionette	WARN	TimedPromise timed out after 0 ms: stacktrace:
2021-05-10 19:27:23,181 - MainProcess[log-interceptor-1]- selenium_firefox     - DEBUG   : BROWSER 1: driver: TimedPromise/<@chrome://marionette/content/sync.js:245:13
2021-05-10 19:27:23,182 - MainProcess[log-interceptor-1]- selenium_firefox     - DEBUG   : BROWSER 1: driver: TimedPromise@chrome://marionette/content/sync.js:230:10
2021-05-10 19:27:23,182 - MainProcess[log-interceptor-1]- selenium_firefox     - DEBUG   : BROWSER 1: driver: Sleep@chrome://marionette/content/sync.js:283:10
2021-05-10 19:27:23,183 - MainProcess[log-interceptor-1]- selenium_firefox     - DEBUG   : BROWSER 1: driver: dispatchPause@chrome://marionette/content/action.js:1482:10
2021-05-10 19:27:23,183 - MainProcess[log-interceptor-1]- selenium_firefox     - DEBUG   : BROWSER 1: driver: toEvents/<@chrome://marionette/content/action.js:1156:16
2021-05-10 19:27:23,183 - MainProcess[log-interceptor-1]- selenium_firefox     - DEBUG   : BROWSER 1: driver: action.dispatchTickActions@chrome://marionette/content/action.js:1060:35
2021-05-10 19:27:23,183 - MainProcess[log-interceptor-1]- selenium_firefox     - DEBUG   : BROWSER 1: driver: action.dispatch/chainEvents<@chrome://marionette/content/action.js:1028:20
2021-05-10 19:27:23,184 - MainProcess[log-interceptor-1]- selenium_firefox     - DEBUG   : BROWSER 1: driver: action.dispatch@chrome://marionette/content/action.js:1034:5
2021-05-10 19:27:23,184 - MainProcess[log-interceptor-1]- selenium_firefox     - DEBUG   : BROWSER 1: driver: performActions@chrome://marionette/content/listener.js:856:16
2021-05-10 19:27:23,185 - MainProcess[log-interceptor-1]- selenium_firefox     - DEBUG   : BROWSER 1: driver: dispatch/</req<@chrome://marionette/content/listener.js:529:14
2021-05-10 19:27:23,185 - MainProcess[log-interceptor-1]- selenium_firefox     - DEBUG   : BROWSER 1: driver: dispatch/<@chrome://marionette/content/listener.js:522:15
2021-05-10 19:27:23,186 - MainProcess[log-interceptor-1]- selenium_firefox     - DEBUG   : BROWSER 1: driver: 1620667643186	Marionette	WARN	TimedPromise timed out after 0 ms: stacktrace:
2021-05-10 19:27:23,187 - MainProcess[log-interceptor-1]- selenium_firefox     - DEBUG   : BROWSER 1: driver: TimedPromise/<@chrome://marionette/content/sync.js:245:13
2021-05-10 19:27:23,187 - MainProcess[log-interceptor-1]- selenium_firefox     - DEBUG   : BROWSER 1: driver: TimedPromise@chrome://marionette/content/sync.js:230:10
2021-05-10 19:27:23,188 - MainProcess[log-interceptor-1]- selenium_firefox     - DEBUG   : BROWSER 1: driver: Sleep@chrome://marionette/content/sync.js:283:10
2021-05-10 19:27:23,189 - MainProcess[log-interceptor-1]- selenium_firefox     - DEBUG   : BROWSER 1: driver: dispatchPause@chrome://marionette/content/action.js:1482:10
2021-05-10 19:27:23,189 - MainProcess[log-interceptor-1]- selenium_firefox     - DEBUG   : BROWSER 1: driver: toEvents/<@chrome://marionette/content/action.js:1156:16
2021-05-10 19:27:23,190 - MainProcess[log-interceptor-1]- selenium_firefox     - DEBUG   : BROWSER 1: driver: action.dispatchTickActions@chrome://marionette/content/action.js:1060:35
2021-05-10 19:27:23,190 - MainProcess[log-interceptor-1]- selenium_firefox     - DEBUG   : BROWSER 1: driver: action.dispatch/chainEvents<@chrome://marionette/content/action.js:1028:20
2021-05-10 19:27:23,190 - MainProcess[log-interceptor-1]- selenium_firefox     - DEBUG   : BROWSER 1: driver: action.dispatch@chrome://marionette/content/action.js:1034:5
2021-05-10 19:27:23,191 - MainProcess[log-interceptor-1]- selenium_firefox     - DEBUG   : BROWSER 1: driver: performActions@chrome://marionette/content/listener.js:856:16
2021-05-10 19:27:23,191 - MainProcess[log-interceptor-1]- selenium_firefox     - DEBUG   : BROWSER 1: driver: dispatch/</req<@chrome://marionette/content/listener.js:529:14
2021-05-10 19:27:23,191 - MainProcess[log-interceptor-1]- selenium_firefox     - DEBUG   : BROWSER 1: driver: dispatch/<@chrome://marionette/content/listener.js:522:15
2021-05-10 19:27:23,198 - MainProcess[log-interceptor-1]- selenium_firefox     - DEBUG   : BROWSER 1: driver: 1620667643197	Marionette	WARN	TimedPromise timed out after 0 ms: stacktrace:
2021-05-10 19:27:23,198 - MainProcess[log-interceptor-1]- selenium_firefox     - DEBUG   : BROWSER 1: driver: TimedPromise/<@chrome://marionette/content/sync.js:245:13
2021-05-10 19:27:23,199 - MainProcess[log-interceptor-1]- selenium_firefox     - DEBUG   : BROWSER 1: driver: TimedPromise@chrome://marionette/content/sync.js:230:10
2021-05-10 19:27:23,199 - MainProcess[log-interceptor-1]- selenium_firefox     - DEBUG   : BROWSER 1: driver: Sleep@chrome://marionette/content/sync.js:283:10
2021-05-10 19:27:23,200 - MainProcess[log-interceptor-1]- selenium_firefox     - DEBUG   : BROWSER 1: driver: dispatchPause@chrome://marionette/content/action.js:1482:10
2021-05-10 19:27:23,200 - MainProcess[log-interceptor-1]- selenium_firefox     - DEBUG   : BROWSER 1: driver: toEvents/<@chrome://marionette/content/action.js:1156:16
2021-05-10 19:27:23,200 - MainProcess[log-interceptor-1]- selenium_firefox     - DEBUG   : BROWSER 1: driver: action.dispatchTickActions@chrome://marionette/content/action.js:1060:35
2021-05-10 19:27:23,200 - MainProcess[log-interceptor-1]- selenium_firefox     - DEBUG   : BROWSER 1: driver: action.dispatch/chainEvents<@chrome://marionette/content/action.js:1028:20
2021-05-10 19:27:23,201 - MainProcess[log-interceptor-1]- selenium_firefox     - DEBUG   : BROWSER 1: driver: action.dispatch@chrome://marionette/content/action.js:1034:5
2021-05-10 19:27:23,201 - MainProcess[log-interceptor-1]- selenium_firefox     - DEBUG   : BROWSER 1: driver: performActions@chrome://marionette/content/listener.js:856:16
2021-05-10 19:27:23,201 - MainProcess[log-interceptor-1]- selenium_firefox     - DEBUG   : BROWSER 1: driver: dispatch/</req<@chrome://marionette/content/listener.js:529:14
2021-05-10 19:27:23,201 - MainProcess[log-interceptor-1]- selenium_firefox     - DEBUG   : BROWSER 1: driver: dispatch/<@chrome://marionette/content/listener.js:522:15
2021-05-10 19:27:23,204 - MainProcess[log-interceptor-1]- selenium_firefox     - DEBUG   : BROWSER 1: driver: 1620667643204	Marionette	WARN	TimedPromise timed out after 0 ms: stacktrace:
2021-05-10 19:27:23,205 - MainProcess[log-interceptor-1]- selenium_firefox     - DEBUG   : BROWSER 1: driver: TimedPromise/<@chrome://marionette/content/sync.js:245:13
2021-05-10 19:27:23,205 - MainProcess[log-interceptor-1]- selenium_firefox     - DEBUG   : BROWSER 1: driver: TimedPromise@chrome://marionette/content/sync.js:230:10
2021-05-10 19:27:23,206 - MainProcess[log-interceptor-1]- selenium_firefox     - DEBUG   : BROWSER 1: driver: Sleep@chrome://marionette/content/sync.js:283:10
2021-05-10 19:27:23,206 - MainProcess[log-interceptor-1]- selenium_firefox     - DEBUG   : BROWSER 1: driver: dispatchPause@chrome://marionette/content/action.js:1482:10
2021-05-10 19:27:23,206 - MainProcess[log-interceptor-1]- selenium_firefox     - DEBUG   : BROWSER 1: driver: toEvents/<@chrome://marionette/content/action.js:1156:16
2021-05-10 19:27:23,207 - MainProcess[log-interceptor-1]- selenium_firefox     - DEBUG   : BROWSER 1: driver: action.dispatchTickActions@chrome://marionette/content/action.js:1060:35
2021-05-10 19:27:23,207 - MainProcess[log-interceptor-1]- selenium_firefox     - DEBUG   : BROWSER 1: driver: action.dispatch/chainEvents<@chrome://marionette/content/action.js:1028:20
2021-05-10 19:27:23,207 - MainProcess[log-interceptor-1]- selenium_firefox     - DEBUG   : BROWSER 1: driver: action.dispatch@chrome://marionette/content/action.js:1034:5
2021-05-10 19:27:23,208 - MainProcess[log-interceptor-1]- selenium_firefox     - DEBUG   : BROWSER 1: driver: performActions@chrome://marionette/content/listener.js:856:16
2021-05-10 19:27:23,208 - MainProcess[log-interceptor-1]- selenium_firefox     - DEBUG   : BROWSER 1: driver: dispatch/</req<@chrome://marionette/content/listener.js:529:14
2021-05-10 19:27:23,208 - MainProcess[log-interceptor-1]- selenium_firefox     - DEBUG   : BROWSER 1: driver: dispatch/<@chrome://marionette/content/listener.js:522:15
2021-05-10 19:27:23,227 - MainProcess[log-interceptor-1]- selenium_firefox     - DEBUG   : BROWSER 1: driver: 1620667643226	Marionette	WARN	TimedPromise timed out after 0 ms: stacktrace:
2021-05-10 19:27:23,227 - MainProcess[log-interceptor-1]- selenium_firefox     - DEBUG   : BROWSER 1: driver: TimedPromise/<@chrome://marionette/content/sync.js:245:13
2021-05-10 19:27:23,228 - MainProcess[log-interceptor-1]- selenium_firefox     - DEBUG   : BROWSER 1: driver: TimedPromise@chrome://marionette/content/sync.js:230:10
2021-05-10 19:27:23,228 - MainProcess[log-interceptor-1]- selenium_firefox     - DEBUG   : BROWSER 1: driver: Sleep@chrome://marionette/content/sync.js:283:10
2021-05-10 19:27:23,228 - MainProcess[log-interceptor-1]- selenium_firefox     - DEBUG   : BROWSER 1: driver: dispatchPause@chrome://marionette/content/action.js:1482:10
2021-05-10 19:27:23,228 - MainProcess[log-interceptor-1]- selenium_firefox     - DEBUG   : BROWSER 1: driver: toEvents/<@chrome://marionette/content/action.js:1156:16
2021-05-10 19:27:23,229 - MainProcess[log-interceptor-1]- selenium_firefox     - DEBUG   : BROWSER 1: driver: action.dispatchTickActions@chrome://marionette/content/action.js:1060:35
2021-05-10 19:27:23,229 - MainProcess[log-interceptor-1]- selenium_firefox     - DEBUG   : BROWSER 1: driver: action.dispatch/chainEvents<@chrome://marionette/content/action.js:1028:20
2021-05-10 19:27:23,229 - MainProcess[log-interceptor-1]- selenium_firefox     - DEBUG   : BROWSER 1: driver: action.dispatch@chrome://marionette/content/action.js:1034:5
2021-05-10 19:27:23,230 - MainProcess[log-interceptor-1]- selenium_firefox     - DEBUG   : BROWSER 1: driver: performActions@chrome://marionette/content/listener.js:856:16
2021-05-10 19:27:23,230 - MainProcess[log-interceptor-1]- selenium_firefox     - DEBUG   : BROWSER 1: driver: dispatch/</req<@chrome://marionette/content/listener.js:529:14
2021-05-10 19:27:23,230 - MainProcess[log-interceptor-1]- selenium_firefox     - DEBUG   : BROWSER 1: driver: dispatch/<@chrome://marionette/content/listener.js:522:15
2021-05-10 19:27:23,240 - MainProcess[log-interceptor-1]- selenium_firefox     - DEBUG   : BROWSER 1: driver: 1620667643240	Marionette	WARN	TimedPromise timed out after 0 ms: stacktrace:
2021-05-10 19:27:23,241 - MainProcess[log-interceptor-1]- selenium_firefox     - DEBUG   : BROWSER 1: driver: TimedPromise/<@chrome://marionette/content/sync.js:245:13
2021-05-10 19:27:23,241 - MainProcess[log-interceptor-1]- selenium_firefox     - DEBUG   : BROWSER 1: driver: TimedPromise@chrome://marionette/content/sync.js:230:10
2021-05-10 19:27:23,241 - MainProcess[log-interceptor-1]- selenium_firefox     - DEBUG   : BROWSER 1: driver: Sleep@chrome://marionette/content/sync.js:283:10
2021-05-10 19:27:23,241 - MainProcess[log-interceptor-1]- selenium_firefox     - DEBUG   : BROWSER 1: driver: dispatchPause@chrome://marionette/content/action.js:1482:10
2021-05-10 19:27:23,242 - MainProcess[log-interceptor-1]- selenium_firefox     - DEBUG   : BROWSER 1: driver: toEvents/<@chrome://marionette/content/action.js:1156:16
2021-05-10 19:27:23,243 - MainProcess[log-interceptor-1]- selenium_firefox     - DEBUG   : BROWSER 1: driver: action.dispatchTickActions@chrome://marionette/content/action.js:1060:35
2021-05-10 19:27:23,243 - MainProcess[log-interceptor-1]- selenium_firefox     - DEBUG   : BROWSER 1: driver: action.dispatch/chainEvents<@chrome://marionette/content/action.js:1028:20
2021-05-10 19:27:23,244 - MainProcess[log-interceptor-1]- selenium_firefox     - DEBUG   : BROWSER 1: driver: action.dispatch@chrome://marionette/content/action.js:1034:5
2021-05-10 19:27:23,244 - MainProcess[log-interceptor-1]- selenium_firefox     - DEBUG   : BROWSER 1: driver: performActions@chrome://marionette/content/listener.js:856:16
2021-05-10 19:27:23,245 - MainProcess[log-interceptor-1]- selenium_firefox     - DEBUG   : BROWSER 1: driver: dispatch/</req<@chrome://marionette/content/listener.js:529:14
2021-05-10 19:27:23,245 - MainProcess[log-interceptor-1]- selenium_firefox     - DEBUG   : BROWSER 1: driver: dispatch/<@chrome://marionette/content/listener.js:522:15
2021-05-10 19:27:23,255 - MainProcess[log-interceptor-1]- selenium_firefox     - DEBUG   : BROWSER 1: driver: 1620667643255	Marionette	WARN	TimedPromise timed out after 0 ms: stacktrace:
2021-05-10 19:27:23,255 - MainProcess[log-interceptor-1]- selenium_firefox     - DEBUG   : BROWSER 1: driver: TimedPromise/<@chrome://marionette/content/sync.js:245:13
2021-05-10 19:27:23,256 - MainProcess[log-interceptor-1]- selenium_firefox     - DEBUG   : BROWSER 1: driver: TimedPromise@chrome://marionette/content/sync.js:230:10
2021-05-10 19:27:23,257 - MainProcess[log-interceptor-1]- selenium_firefox     - DEBUG   : BROWSER 1: driver: Sleep@chrome://marionette/content/sync.js:283:10
2021-05-10 19:27:23,257 - MainProcess[log-interceptor-1]- selenium_firefox     - DEBUG   : BROWSER 1: driver: dispatchPause@chrome://marionette/content/action.js:1482:10
2021-05-10 19:27:23,258 - MainProcess[log-interceptor-1]- selenium_firefox     - DEBUG   : BROWSER 1: driver: toEvents/<@chrome://marionette/content/action.js:1156:16
2021-05-10 19:27:23,258 - MainProcess[log-interceptor-1]- selenium_firefox     - DEBUG   : BROWSER 1: driver: action.dispatchTickActions@chrome://marionette/content/action.js:1060:35
2021-05-10 19:27:23,259 - MainProcess[log-interceptor-1]- selenium_firefox     - DEBUG   : BROWSER 1: driver: action.dispatch/chainEvents<@chrome://marionette/content/action.js:1028:20
2021-05-10 19:27:23,259 - MainProcess[log-interceptor-1]- selenium_firefox     - DEBUG   : BROWSER 1: driver: action.dispatch@chrome://marionette/content/action.js:1034:5
2021-05-10 19:27:23,259 - MainProcess[log-interceptor-1]- selenium_firefox     - DEBUG   : BROWSER 1: driver: performActions@chrome://marionette/content/listener.js:856:16
2021-05-10 19:27:23,260 - MainProcess[log-interceptor-1]- selenium_firefox     - DEBUG   : BROWSER 1: driver: dispatch/</req<@chrome://marionette/content/listener.js:529:14
2021-05-10 19:27:23,260 - MainProcess[log-interceptor-1]- selenium_firefox     - DEBUG   : BROWSER 1: driver: dispatch/<@chrome://marionette/content/listener.js:522:15
2021-05-10 19:27:23,265 - MainProcess[log-interceptor-1]- selenium_firefox     - DEBUG   : BROWSER 1: driver: 1620667643265	Marionette	WARN	TimedPromise timed out after 0 ms: stacktrace:
2021-05-10 19:27:23,265 - MainProcess[log-interceptor-1]- selenium_firefox     - DEBUG   : BROWSER 1: driver: TimedPromise/<@chrome://marionette/content/sync.js:245:13
2021-05-10 19:27:23,266 - MainProcess[log-interceptor-1]- selenium_firefox     - DEBUG   : BROWSER 1: driver: TimedPromise@chrome://marionette/content/sync.js:230:10
2021-05-10 19:27:23,266 - MainProcess[log-interceptor-1]- selenium_firefox     - DEBUG   : BROWSER 1: driver: Sleep@chrome://marionette/content/sync.js:283:10
2021-05-10 19:27:23,266 - MainProcess[log-interceptor-1]- selenium_firefox     - DEBUG   : BROWSER 1: driver: dispatchPause@chrome://marionette/content/action.js:1482:10
2021-05-10 19:27:23,267 - MainProcess[log-interceptor-1]- selenium_firefox     - DEBUG   : BROWSER 1: driver: toEvents/<@chrome://marionette/content/action.js:1156:16
2021-05-10 19:27:23,267 - MainProcess[log-interceptor-1]- selenium_firefox     - DEBUG   : BROWSER 1: driver: action.dispatchTickActions@chrome://marionette/content/action.js:1060:35
2021-05-10 19:27:23,268 - MainProcess[log-interceptor-1]- selenium_firefox     - DEBUG   : BROWSER 1: driver: action.dispatch/chainEvents<@chrome://marionette/content/action.js:1028:20
2021-05-10 19:27:23,268 - MainProcess[log-interceptor-1]- selenium_firefox     - DEBUG   : BROWSER 1: driver: action.dispatch@chrome://marionette/content/action.js:1034:5
2021-05-10 19:27:23,269 - MainProcess[log-interceptor-1]- selenium_firefox     - DEBUG   : BROWSER 1: driver: performActions@chrome://marionette/content/listener.js:856:16
2021-05-10 19:27:23,269 - MainProcess[log-interceptor-1]- selenium_firefox     - DEBUG   : BROWSER 1: driver: dispatch/</req<@chrome://marionette/content/listener.js:529:14
2021-05-10 19:27:23,270 - MainProcess[log-interceptor-1]- selenium_firefox     - DEBUG   : BROWSER 1: driver: dispatch/<@chrome://marionette/content/listener.js:522:15
2021-05-10 19:27:23,288 - MainProcess[log-interceptor-1]- selenium_firefox     - DEBUG   : BROWSER 1: driver: 1620667643287	Marionette	WARN	TimedPromise timed out after 0 ms: stacktrace:
2021-05-10 19:27:23,288 - MainProcess[log-interceptor-1]- selenium_firefox     - DEBUG   : BROWSER 1: driver: TimedPromise/<@chrome://marionette/content/sync.js:245:13
2021-05-10 19:27:23,289 - MainProcess[log-interceptor-1]- selenium_firefox     - DEBUG   : BROWSER 1: driver: TimedPromise@chrome://marionette/content/sync.js:230:10
2021-05-10 19:27:23,289 - MainProcess[log-interceptor-1]- selenium_firefox     - DEBUG   : BROWSER 1: driver: Sleep@chrome://marionette/content/sync.js:283:10
2021-05-10 19:27:23,290 - MainProcess[log-interceptor-1]- selenium_firefox     - DEBUG   : BROWSER 1: driver: dispatchPause@chrome://marionette/content/action.js:1482:10
2021-05-10 19:27:23,290 - MainProcess[log-interceptor-1]- selenium_firefox     - DEBUG   : BROWSER 1: driver: toEvents/<@chrome://marionette/content/action.js:1156:16
2021-05-10 19:27:23,290 - MainProcess[log-interceptor-1]- selenium_firefox     - DEBUG   : BROWSER 1: driver: action.dispatchTickActions@chrome://marionette/content/action.js:1060:35
2021-05-10 19:27:23,290 - MainProcess[log-interceptor-1]- selenium_firefox     - DEBUG   : BROWSER 1: driver: action.dispatch/chainEvents<@chrome://marionette/content/action.js:1028:20
2021-05-10 19:27:23,291 - MainProcess[log-interceptor-1]- selenium_firefox     - DEBUG   : BROWSER 1: driver: action.dispatch@chrome://marionette/content/action.js:1034:5
2021-05-10 19:27:23,291 - MainProcess[log-interceptor-1]- selenium_firefox     - DEBUG   : BROWSER 1: driver: performActions@chrome://marionette/content/listener.js:856:16
2021-05-10 19:27:23,291 - MainProcess[log-interceptor-1]- selenium_firefox     - DEBUG   : BROWSER 1: driver: dispatch/</req<@chrome://marionette/content/listener.js:529:14
2021-05-10 19:27:23,292 - MainProcess[log-interceptor-1]- selenium_firefox     - DEBUG   : BROWSER 1: driver: dispatch/<@chrome://marionette/content/listener.js:522:15
2021-05-10 19:27:25,506 - MainProcess[log-interceptor-1]- selenium_firefox     - DEBUG   : BROWSER 1: driver: Sandbox: unsupported flags 2048 in fstatat(-100, "/home/bdino/.config/gtk-3.0/colors.css", 0x7EFF222FD930, 2304)
2021-05-10 19:27:25,507 - MainProcess[log-interceptor-1]- selenium_firefox     - DEBUG   : BROWSER 1: driver: Sandbox: seccomp sandbox violation: pid 98367, tid 98434, syscall 262, args 4294967196 139634266240240 139634255321392 2304 2304 1.
2021-05-10 19:27:25,508 - MainProcess[log-interceptor-1]- selenium_firefox     - DEBUG   : BROWSER 1: driver: Sandbox: unsupported flags 2048 in fstatat(-100, "/home/bdino/.config/gtk-3.0/colors.css", 0x7FBE533FD930, 2304)
2021-05-10 19:27:25,508 - MainProcess[log-interceptor-1]- selenium_firefox     - DEBUG   : BROWSER 1: driver: Sandbox: seccomp sandbox violation: pid 98307, tid 98422, syscall 262, args 4294967196 140455428124528 140455417207088 2304 2304 1.
2021-05-10 19:27:25,906 - MainProcess[MainThread]- BaseAggregator       - DEBUG   : Status update; current record queue size: 0. current number of threads: 6.
2021-05-10 19:27:28,437 - MainProcess[MainThread]- consent_commons      - INFO    : BROWSER 1: CONSENTCRAWLER: COOKIEBOT: Found Cookiebot ID using Variant 1
2021-05-10 19:27:28,437 - MainProcess[MainThread]- consent_commons      - INFO    : BROWSER 1: CONSENTCRAWLER: COOKIEBOT: Cookiebot UUID = 57947215-bf68-4a54-a017-454edced5413
2021-05-10 19:27:28,445 - MainProcess[MainThread]- consent_commons      - INFO    : BROWSER 1: CONSENTCRAWLER: COOKIEBOT: Found referer: www.purplemath.com
2021-05-10 19:27:28,587 - MainProcess[MainThread]- consent_commons      - ERROR   : BROWSER 1: CONSENTCRAWLER: COOKIEBOT: Received an out-of-region response from "https://consent.cookiebot.com/57947215-bf68-4a54-a017-454edced5413/cc.js?referer=www.purplemath.com"
2021-05-10 19:27:28,589 - MainProcess[MainThread]- consent_commons      - DEBUG   : BROWSER 1: CONSENTCRAWLER: CMP_ELAPSED_TIME 7.697
2021-05-10 19:27:28,590 - MainProcess[MainThread]- consent_commons      - INFO    : BROWSER 1: CONSENTCRAWLER: Aborting browse phase as CMP crawl failed.
2021-05-10 19:27:28,593 - MainProcess[MainThread]- BrowserManager       - INFO    : BROWSER 1: EXECUTING COMMAND: FinalizeCommand(5)
2021-05-10 19:27:29,658 - MainProcess[log-interceptor-1]- selenium_firefox     - DEBUG   : BROWSER 1: driver: JavaScript error: resource://gre/modules/TelemetryUtils.jsm, line 159: TypeError: date is undefined
2021-05-10 19:27:30,507 - MainProcess[log-interceptor-1]- selenium_firefox     - DEBUG   : BROWSER 1: driver: Sandbox: unsupported flags 2048 in fstatat(-100, "/home/bdino/.config/gtk-3.0/colors.css", 0x7FBE533FD930, 2304)
2021-05-10 19:27:30,508 - MainProcess[log-interceptor-1]- selenium_firefox     - DEBUG   : BROWSER 1: driver: Sandbox: seccomp sandbox violation: pid 98307, tid 98422, syscall 262, args 4294967196 140455428124528 140455417207088 2304 2304 1.
2021-05-10 19:27:30,509 - MainProcess[log-interceptor-1]- selenium_firefox     - DEBUG   : BROWSER 1: driver: Sandbox: unsupported flags 2048 in fstatat(-100, "/home/bdino/.config/gtk-3.0/colors.css", 0x7EFF222FD930, 2304)
2021-05-10 19:27:30,510 - MainProcess[log-interceptor-1]- selenium_firefox     - DEBUG   : BROWSER 1: driver: Sandbox: seccomp sandbox violation: pid 98367, tid 98434, syscall 262, args 4294967196 139634266240240 139634255321392 2304 2304 1.
2021-05-10 19:27:30,934 - MainProcess[MainThread]- BaseAggregator       - DEBUG   : Status update; current record queue size: 0. current number of threads: 5.
2021-05-10 19:27:33,861 - MainProcess[Thread-8  ]- TaskManager          - INFO    : Finished working on CommandSequence with visit_id 1 on browser with id 1
2021-05-10 19:27:34,202 - MainProcess[OpenWPM-completion_handler]- TaskManager          - DEBUG   : Invoking callback of visit_id 1
2021-05-10 19:27:34,203 - MainProcess[OpenWPM-completion_handler]- run_consent_crawl    - INFO    : Command sequence completed.
2021-05-10 19:27:34,205 - MainProcess[OpenWPM-completion_handler]- run_consent_crawl    - INFO    : 1/1 completed, 0/1 interrupted
2021-05-10 19:27:35,507 - MainProcess[log-interceptor-1]- selenium_firefox     - DEBUG   : BROWSER 1: driver: Sandbox: unsupported flags 2048 in fstatat(-100, "/home/bdino/.config/gtk-3.0/colors.css", 0x7FBE533FD930, 2304)
2021-05-10 19:27:35,508 - MainProcess[log-interceptor-1]- selenium_firefox     - DEBUG   : BROWSER 1: driver: Sandbox: unsupported flags 2048 in fstatat(-100, "/home/bdino/.config/gtk-3.0/colors.css", 0x7EFF222FD930, 2304)
2021-05-10 19:27:35,509 - MainProcess[log-interceptor-1]- selenium_firefox     - DEBUG   : BROWSER 1: driver: Sandbox: seccomp sandbox violation: pid 98367, tid 98434, syscall 262, args 4294967196 139634266240240 139634255321392 2304 2304 1.
2021-05-10 19:27:35,511 - MainProcess[log-interceptor-1]- selenium_firefox     - DEBUG   : BROWSER 1: driver: Sandbox: seccomp sandbox violation: pid 98307, tid 98422, syscall 262, args 4294967196 140455428124528 140455417207088 2304 2304 1.
2021-05-10 19:27:35,865 - MainProcess[MainThread]- BrowserManager       - DEBUG   : BROWSER 1: Closing browser manager...
2021-05-10 19:27:35,867 - MainProcess[MainThread]- BrowserManager       - DEBUG   : BROWSER 1: Closing browser...
2021-05-10 19:27:35,869 - MainProcess[MainThread]- BrowserManager       - DEBUG   : BROWSER 1: Joining command thread
2021-05-10 19:27:35,870 - MainProcess[MainThread]- BrowserManager       - DEBUG   : BROWSER 1: 0.000028 seconds to join command thread
2021-05-10 19:27:35,877 - MainProcess[log-interceptor-1]- selenium_firefox     - DEBUG   : BROWSER 1: driver: 1620667655877	Marionette	INFO	Stopped listening on port 46057
2021-05-10 19:27:35,957 - MainProcess[log-interceptor-1]- selenium_firefox     - DEBUG   : BROWSER 1: driver: console.error: WebExtensions:
2021-05-10 19:27:35,958 - MainProcess[log-interceptor-1]- selenium_firefox     - DEBUG   : BROWSER 1: driver: Message: [Exception... "Component returned failure code: 0x804b0010 (NS_ERROR_OFFLINE) [nsIInputStream.available]"  nsresult: "0x804b0010 (NS_ERROR_OFFLINE)"  location: "JS frame :: jar:file:///home/bdino/Documents/Git/cookieblock_repos/CookieBlock-Consent-Crawler/openwpm/automation/Extension/firefox/openwpm.xpi!/privileged/sockets/api.js :: onInputStreamReady :: line 51"  data: no]
2021-05-10 19:27:35,958 - MainProcess[log-interceptor-1]- selenium_firefox     - DEBUG   : BROWSER 1: driver: Stack:
2021-05-10 19:27:35,958 - MainProcess[log-interceptor-1]- selenium_firefox     - DEBUG   : BROWSER 1: driver: onInputStreamReady@jar:file:///home/bdino/Documents/Git/cookieblock_repos/CookieBlock-Consent-Crawler/openwpm/automation/Extension/firefox/openwpm.xpi!/privileged/sockets/api.js:51:33
2021-05-10 19:27:35,958 - MainProcess[log-interceptor-1]- selenium_firefox     - DEBUG   : BROWSER 1: driver: 
2021-05-10 19:27:35,959 - MainProcess[MainThread]- BaseAggregator       - DEBUG   : Status update; current record queue size: 0. current number of threads: 5.
2021-05-10 19:27:36,497 - MainProcess[MainThread]- BrowserManager       - DEBUG   : BROWSER 1: Browser manager closed successfully.
2021-05-10 19:27:36,498 - MainProcess[MainThread]- BaseAggregator       - DEBUG   : Sending the shutdown signal to the LocalAggregator listener process...
2021-05-10 19:27:36,973 - MainProcess[MainThread]- BaseAggregator       - INFO    : Received shutdown signal!
2021-05-10 19:27:39,978 - MainProcess[MainThread]- BaseAggregator       - INFO    : Queue was flushed completely
2021-05-10 19:27:39,987 - MainProcess[MainThread]- BaseAggregator       - DEBUG   : LocalAggregator took 3.488471508026123 seconds to close.
